C51 COMPILER V9.60.0.0   INIT                                                              12/18/2019 11:14:40 PAGE 1   


C51 COMPILER V9.60.0.0, COMPILATION OF MODULE INIT
OBJECT MODULE PLACED IN init.OBJ
COMPILER INVOKED BY: D:\keil_C51\C51\BIN\C51.EXE init.c OPTIMIZE(8,SPEED) BROWSE DEBUG OBJECTEXTEND TABS(2)

line level    source

   1          #define __init_c
   2          #include "includeAll.h"
   3          //=============================================================================
   4          void SysInit() {
   5   1        F_clearWDT();
   6   1        //时钟初始化
   7   1        CLKCON = 0x03; // Clock div 1  7.3728Mhz
   8   1        STPPCK = 0;
   9   1        STPFCK = 0;
  10   1        _nop_();
  11   1        _nop_();
  12   1        _nop_();
  13   1        _nop_();
  14   1        _nop_();
  15   1        SELFCK = 1;
  16   1        _nop_();
  17   1        _nop_();
  18   1        _nop_();
  19   1        _nop_();
  20   1        _nop_();
  21   1        _nop_();
  22   1        _nop_();
  23   1        _nop_();
  24   1        _nop_();
  25   1        _nop_();
  26   1        // IO 模式初始化
  27   1        P1MODL = 0xaa;    //将模式置为推挽输出
  28   1        P1MODH = 0xaa;
  29   1        //P1MODL = 0xa8;    //将模式置为上拉输入
  30   1        P1_2 = 1;
  31   1        //P_smgcom1 = 0;
  32   1        // IO 状态初始化
  33   1        //F_ledOff();   //初始化为低电位（不亮）
  34   1        
  35   1        //T2初始化
  36   1        TH2 = (65536 - 3686) / 256;
  37   1        RCP2H = TH2;
  38   1        TL2 = (65536 - 3686) % 256;
  39   1        RCP2L = TL2;
  40   1        TR2 = 1;
  41   1        ET2 = 1;
  42   1        EA = 1; 
  43   1      }
  44          //=============================================================================
  45          void VarsInit() {}


MODULE INFORMATION:   STATIC OVERLAYABLE
   CODE SIZE        =     54    ----
   CONSTANT SIZE    =   ----    ----
   XDATA SIZE       =   ----    ----
   PDATA SIZE       =   ----    ----
   DATA SIZE        =   ----    ----
   IDATA SIZE       =   ----    ----
   BIT SIZE         =   ----    ----
C51 COMPILER V9.60.0.0   INIT                                                              12/18/2019 11:14:40 PAGE 2   

END OF MODULE INFORMATION.


C51 COMPILATION COMPLETE.  0 WARNING(S),  0 ERROR(S)
