C51 COMPILER V9.60.0.0   KEYS                                                              01/02/2020 17:26:19 PAGE 1   


C51 COMPILER V9.60.0.0, COMPILATION OF MODULE KEYS
OBJECT MODULE PLACED IN keys.OBJ
COMPILER INVOKED BY: D:\keil_C51\C51\BIN\C51.EXE keys.c OPTIMIZE(8,SPEED) BROWSE DEBUG OBJECTEXTEND TABS(2)

line level    source

   1          #define __keys_c
   2          #include "includeAll.h"
   3          //=============================================================================
   4          //按键信息获取
   5          void GetKeys() {
   6   1        static uint8_t tempKeyValue = D_keyNull;
   7   1        
   8   1        if(P_key4 == 0){
   9   2          tempKeyValue = D_keyValue1;
  10   2        } else{
  11   2          keyValue = tempKeyValue;
  12   2          tempKeyValue = D_keyNull;
  13   2        }
  14   1        
  15   1      }


MODULE INFORMATION:   STATIC OVERLAYABLE
   CODE SIZE        =     14    ----
   CONSTANT SIZE    =   ----    ----
   XDATA SIZE       =   ----    ----
   PDATA SIZE       =   ----    ----
   DATA SIZE        =      2    ----
   IDATA SIZE       =   ----    ----
   BIT SIZE         =   ----    ----
END OF MODULE INFORMATION.


C51 COMPILATION COMPLETE.  0 WARNING(S),  0 ERROR(S)
