C51 COMPILER V9.60.0.0   MAIN                                                              12/18/2019 11:14:41 PAGE 1   


C51 COMPILER V9.60.0.0, COMPILATION OF MODULE MAIN
OBJECT MODULE PLACED IN main.OBJ
COMPILER INVOKED BY: D:\keil_C51\C51\BIN\C51.EXE main.c OPTIMIZE(8,SPEED) BROWSE DEBUG OBJECTEXTEND TABS(2)

line level    source

   1          #define __main_c
   2          #include "includeAll.h"
   3          //=============================================================================
   4          void main() {
   5   1        SysInit();
   6   1        VarsInit();
   7   1        //使能看门狗
   8   1        F_turnOnWDT();
   9   1        modeValue = 1; //初始值为1
  10   1        P_buzz = 0;
  11   1        P_led1=0;
  12   1        
  13   1        P_led2=1;
  14   1        //P_D=0;
  15   1        P_ledcom=0;
  16   1        P_smgcom1=1;
  17   1        P_smgcom2=0;
  18   1        /*
  19   1        uint8_t i;
  20   1      　uint8_t code duan_ma[]= { 0x3f,0x06,0x5b,0x4f,0x66,0x6d,0x7d,0x07,0x7f,0x6f,0x77,0x7c,0x39,0x5e,0x79,0x
             -71};//共阴
  21   1        //uint8_t code duan_ma[] = {0xc0,0xf9,0xa4,0xb0,0x99,0x92,0x82,0xf8,0x80,0x90,0x88,0x83,0xc6,0xa1,0x86,0x
             -8e};//共阳
  22   1      　　while(1) { 
  23   1         P1=0xfe; 
  24   1         for(i=1;i<<=6;i++) { 
  25   1          P0=duan_ma[i];
  26   1      　　  delay_ms(400);
  27   1      　　  P1=(P1<<1)|0x01;
  28   1      　　}
  29   1      　　}
  30   1        */
  31   1        
  32   1        while(1){
  33   2          //清看门狗
  34   2          F_clearWDT();
  35   2          //业务代码
  36   2          TimeProcess();
  37   2          TaskSetting();
  38   2          TaskProcess();
  39   2          DisplayProcess();
  40   2        }
  41   1      }
  42          
  43          //=============================================================================
  44            void TimeProcess(){
  45   1          static uint8_t timer5ms = 0;
  46   1      
  47   1          if (b1ms) {
  48   2            // 1ms 执行一次
  49   2            b1ms = 0;
  50   2            timer5ms++;
  51   2          }
  52   1          if (timer5ms >= 5) {
  53   2            P1MODL = 0x8a;
C51 COMPILER V9.60.0.0   MAIN                                                              12/18/2019 11:14:41 PAGE 2   

  54   2            GetKeys();
  55   2            
  56   2            //P_buzz = ~P_buzz;
  57   2            //P_led1 = ~P_led1;
  58   2            //P_led2 = ~P_led2;
  59   2            //P_D = ~P_D;
  60   2            
  61   2          }
  62   1        }
  63          //=============================================================================
  64            void TaskSetting(){ 
  65   1        //**单端口复用控制LED亮灭**
  66   1        if (modeValue == 1){//模式标志为1时，该模式为推挽输出
  67   2          //LED状态转换
  68   2          if(D_keyValue1 == keyValue){
  69   3            Mode_Neg();   //模式标志为取反
  70   3          }
  71   2          P1MODL = 0xaa;    //将模式置为推挽输出，使LED显示
  72   2          } else {//否则，该模式为上拉输入
  73   2            if(D_keyValue1 == keyValue){
  74   3              Mode_Neg();   
  75   3            }
  76   2          }
  77   1        } 
  78          //=============================================================================
  79            void TaskProcess(){
  80   1          //P_ledcom=0;
  81   1          /*
  82   1          P_led1=0;
  83   1          P_led2=1;
  84   1          delayMs(400);
  85   1          P_led1=1;
  86   1          P_led2=0;
  87   1          delayMs(400);*/
  88   1          /*
  89   1          P_buzz=1;
  90   1          delayMs(100);
  91   1           P_buzz=0;
  92   1          delayMs(50);
  93   1          */
  94   1          //P_D=1;
  95   1        }
  96          //=============================================================================
  97            void DisplayProcess(){
  98   1        
  99   1        }
 100          //=============================================================================
 101          //延时函数
 102          void delayMs(uint16_t time){
 103   1        uint16_t i,j;
 104   1        for(i=0; i<time; i++){
 105   2          for(j=0; j<1000; j++){
 106   3          }
 107   2        }
 108   1        //while(time--);
 109   1      }
 110          
 111          //led数码管显示
 112          void led_disp()
 113          {
 114   1        //com0_disp(buffer[3]);   //显示按键S4加1计数的值
 115   1        //com1_disp(buffer[2]);   //显示按键S3加1计数的值
C51 COMPILER V9.60.0.0   MAIN                                                              12/18/2019 11:14:41 PAGE 3   

 116   1        //com2_disp(buffer[1]);   //显示AD转换值的高4位
 117   1        //com3_disp(buffer[0]);   //显示AD转换值的低4位
 118   1      }


MODULE INFORMATION:   STATIC OVERLAYABLE
   CODE SIZE        =    134    ----
   CONSTANT SIZE    =   ----    ----
   XDATA SIZE       =   ----    ----
   PDATA SIZE       =   ----    ----
   DATA SIZE        =      2    ----
   IDATA SIZE       =   ----    ----
   BIT SIZE         =   ----    ----
END OF MODULE INFORMATION.


C51 COMPILATION COMPLETE.  0 WARNING(S),  0 ERROR(S)
